<?xml version="1.0" encoding="UTF-8"?>
<!-- Generated by org.testng.reporters.JUnitXMLReporter -->
<testsuite ignored="1" hostname="Kaviyarasans-MacBook-Pro.local" failures="0" tests="2" name="Test" time="8.061" errors="0" timestamp="2026-07-01T16:33:46 IST">
  <testcase classname="testCases.TC_001_AccountRegistration" name="verify_account_registration" time="1.37"/>
  <testcase classname="testCases.TC_002_LoginTest" name="LoginTest" time="1.734"/>
  <testcase classname="testCases.TC_003_LoginDDT" name="verify_login" time="0.0">
    <ignored/>
  </testcase> <!-- verify_login -->
</testsuite> <!-- Test -->
